<?xml version="1.0" encoding="UTF-8"?>
<testng-results ignored="0" total="1" passed="1" failed="0" skipped="0">
  <reporter-output>
  </reporter-output>
  <suite started-at="2021-07-22T15:08:51 EDT" name="Default suite" finished-at="2021-07-22T15:09:20 EDT" duration-ms="28524">
    <groups>
    </groups>
    <test started-at="2021-07-22T15:08:51 EDT" name="Default test" finished-at="2021-07-22T15:09:20 EDT" duration-ms="28524">
      <class name="com.selenium.pop.LoginTest">
        <test-method signature="loginTest()[pri:0, instance:com.selenium.pop.LoginTest@5403f35f]" started-at="2021-07-22T15:08:51 EDT" name="loginTest" finished-at="2021-07-22T15:09:20 EDT" duration-ms="28467" status="PASS">
          <reporter-output>
          </reporter-output>
        </test-method> <!-- loginTest -->
      </class> <!-- com.selenium.pop.LoginTest -->
    </test> <!-- Default test -->
  </suite> <!-- Default suite -->
</testng-results>
